9.6700 	WARNING 	User requested fullscreen with size [2256 1504], but screen is actually [1920, 1080]. Using actual size
10.6150 	EXP 	Created window1 = Window(allowGUI=True, allowStencil=False, args=UNKNOWN, autoLog=True, bitsMode=UNKNOWN, blendMode='avg', color=array([-1., -1., -1.]), colorSpace='rgb', fullscr=<method-wrapper '__getattribute__' of attributeSetter object at 0x000002380B1C87F0>, gamma=None, gammaErrorPolicy='raise', kwargs=UNKNOWN, lms=UNKNOWN, monitor=<psychopy.monitors.calibTools.Monitor object at 0x000002380B260EB8>, multiSample=False, name='window1', numSamples=2, pos=[0.0, 0.0], screen=0, size=array([1920, 1080]), stereo=False, units='height', useFBO=True, useRetina=False, viewOri=0.0, viewPos=None, viewScale=None, waitBlanking=True, winType='pyglet')
10.6150 	EXP 	window1: recordFrameIntervals = False
10.7813 	EXP 	window1: recordFrameIntervals = True
10.9646 	EXP 	window1: recordFrameIntervals = False
11.1575 	EXP 	Created instr = TextStim(__class__=<class 'psychopy.visual.text.TextStim'>, alignHoriz='center', alignVert='center', antialias=True, autoLog=True, bold=False, color='white', colorSpace='named', contrast=1.0, depth=0.0, flipHoriz=False, flipVert=False, font='Arial', fontFiles=[], height=0.04, italic=False, languageStyle='LTR', name='instr', opacity=1.0, ori=0, pos=array([0., 0.]), rgb=array([255., 255., 255.]), text=str(...), units='height', win=Window(...), wrapWidth=1)
11.1658 	EXP 	Created writing = TextStim(__class__=<class 'psychopy.visual.text.TextStim'>, alignHoriz='center', alignVert='center', antialias=True, autoLog=True, bold=False, color='white', colorSpace='named', contrast=1.0, depth=0.0, flipHoriz=False, flipVert=False, font='Arial', fontFiles=[], height=0.03, italic=False, languageStyle='LTR', name='writing', opacity=1.0, ori=0, pos=array([-0.37,  0.44]), rgb=array([255., 255., 255.]), text='escribir', units='height', win=Window(...), wrapWidth=1)
11.2198 	EXP 	Created escribir = RatingScale(__class__=type(...), acceptKeys=['return'], acceptPreText=UNKNOWN, acceptSize=UNKNOWN, acceptText=UNKNOWN, autoLog=True, choices=list(...), depth=0, disappear=False, flipVert=False, high=4, kwargs=UNKNOWN, labels=list(...), leftKeys=['left'], lineColor='White', low=0, marker=ShapeStim(...), markerColor='DarkBlue', markerExpansion=UNKNOWN, markerStart=None, maxTime=0.0, minTime=0.4, mouseOnly=False, name='escribir', noMouse=False, pos=[-0.5, 0.75], precision=1, respKeys=['0', '1', '2', '3', '4'], rightKeys=['right'], scale='', self=UNKNOWN, showAccept=False, showValue=True, singleClick=True, size=0.6, skipKeys=['tab'], stretch=1.2, textColor='LightGray', textFont='Helvetica Bold', textSize=0.06, tickHeight=1.0, tickMarks=4.0, win=Window(...))
11.2238 	EXP 	Created draw = TextStim(__class__=<class 'psychopy.visual.text.TextStim'>, alignHoriz='center', alignVert='center', antialias=True, autoLog=True, bold=False, color='white', colorSpace='named', contrast=1.0, depth=-0.0, flipHoriz=False, flipVert=False, font='Arial', fontFiles=[], height=0.03, italic=False, languageStyle='LTR', name='draw', opacity=1.0, ori=0, pos=array([0.37, 0.44]), rgb=array([255., 255., 255.]), text='dibujar', units='height', win=Window(...), wrapWidth=1)
11.2416 	EXP 	Created dibujar = RatingScale(__class__=type(...), acceptKeys=['return'], acceptPreText=UNKNOWN, acceptSize=UNKNOWN, acceptText=UNKNOWN, autoLog=True, choices=list(...), depth=0, disappear=False, flipVert=False, high=4, kwargs=UNKNOWN, labels=list(...), leftKeys=['left'], lineColor='White', low=0, marker=ShapeStim(...), markerColor='DarkBlue', markerExpansion=UNKNOWN, markerStart=None, maxTime=0.0, minTime=0.4, mouseOnly=False, name='dibujar', noMouse=False, pos=[0.5, 0.75], precision=1, respKeys=['0', '1', '2', '3', '4'], rightKeys=['right'], scale='', self=UNKNOWN, showAccept=False, showValue=True, singleClick=True, size=0.6, skipKeys=['tab'], stretch=1.2, textColor='LightGray', textFont='Helvetica Bold', textSize=0.06, tickHeight=1.0, tickMarks=4.0, win=Window(...))
11.2455 	EXP 	Created throw = TextStim(__class__=<class 'psychopy.visual.text.TextStim'>, alignHoriz='center', alignVert='center', antialias=True, autoLog=True, bold=False, color='white', colorSpace='named', contrast=1.0, depth=0.0, flipHoriz=False, flipVert=False, font='Arial', fontFiles=[], height=0.03, italic=False, languageStyle='LTR', name='throw', opacity=1.0, ori=0, pos=array([-0.37,  0.27]), rgb=array([255., 255., 255.]), text='lanzar', units='height', win=Window(...), wrapWidth=1)
11.2661 	EXP 	Created lanzar = RatingScale(__class__=type(...), acceptKeys=['return'], acceptPreText=UNKNOWN, acceptSize=UNKNOWN, acceptText=UNKNOWN, autoLog=True, choices=list(...), depth=0, disappear=False, flipVert=False, high=4, kwargs=UNKNOWN, labels=list(...), leftKeys=['left'], lineColor='White', low=0, marker=ShapeStim(...), markerColor='DarkBlue', markerExpansion=UNKNOWN, markerStart=None, maxTime=0.0, minTime=0.4, mouseOnly=False, name='lanzar', noMouse=False, pos=[-0.5, 0.4], precision=1, respKeys=['0', '1', '2', '3', '4'], rightKeys=['right'], scale='', self=UNKNOWN, showAccept=False, showValue=True, singleClick=True, size=0.6, skipKeys=['tab'], stretch=1.2, textColor='LightGray', textFont='Helvetica Bold', textSize=0.06, tickHeight=1.0, tickMarks=4.0, win=Window(...))
11.2704 	EXP 	Created scissors = TextStim(__class__=<class 'psychopy.visual.text.TextStim'>, alignHoriz='center', alignVert='center', antialias=True, autoLog=True, bold=False, color='white', colorSpace='named', contrast=1.0, depth=0.0, flipHoriz=False, flipVert=False, font='Arial', fontFiles=[], height=0.03, italic=False, languageStyle='LTR', name='scissors', opacity=1.0, ori=0, pos=array([0.37, 0.27]), rgb=array([255., 255., 255.]), text='tijeras', units='height', win=Window(...), wrapWidth=1)
11.2888 	EXP 	Created tijeras = RatingScale(__class__=type(...), acceptKeys=['return'], acceptPreText=UNKNOWN, acceptSize=UNKNOWN, acceptText=UNKNOWN, autoLog=True, choices=list(...), depth=0, disappear=False, flipVert=False, high=4, kwargs=UNKNOWN, labels=list(...), leftKeys=['left'], lineColor='White', low=0, marker=ShapeStim(...), markerColor='DarkBlue', markerExpansion=UNKNOWN, markerStart=None, maxTime=0.0, minTime=0.4, mouseOnly=False, name='tijeras', noMouse=False, pos=[0.5, 0.4], precision=1, respKeys=['0', '1', '2', '3', '4'], rightKeys=['right'], scale='', self=UNKNOWN, showAccept=False, showValue=True, singleClick=True, size=0.6, skipKeys=['tab'], stretch=1.2, textColor='LightGray', textFont='Helvetica Bold', textSize=0.06, tickHeight=1.0, tickMarks=4.0, win=Window(...))
11.2954 	EXP 	Created toothbrush = TextStim(__class__=<class 'psychopy.visual.text.TextStim'>, alignHoriz='center', alignVert='center', antialias=True, autoLog=True, bold=False, color='white', colorSpace='named', contrast=1.0, depth=0.0, flipHoriz=False, flipVert=False, font='Arial', fontFiles=[], height=0.03, italic=False, languageStyle='LTR', name='toothbrush', opacity=1.0, ori=0, pos=array([-0.37,  0.1 ]), rgb=array([255., 255., 255.]), text='cepillo de dientes', units='height', win=Window(...), wrapWidth=1)
11.3169 	EXP 	Created cepillo = RatingScale(__class__=type(...), acceptKeys=['return'], acceptPreText=UNKNOWN, acceptSize=UNKNOWN, acceptText=UNKNOWN, autoLog=True, choices=list(...), depth=0, disappear=False, flipVert=False, high=4, kwargs=UNKNOWN, labels=list(...), leftKeys=['left'], lineColor='White', low=0, marker=ShapeStim(...), markerColor='DarkBlue', markerExpansion=UNKNOWN, markerStart=None, maxTime=0.0, minTime=0.4, mouseOnly=False, name='cepillo', noMouse=False, pos=[-0.5, 0.05], precision=1, respKeys=['0', '1', '2', '3', '4'], rightKeys=['right'], scale='', self=UNKNOWN, showAccept=False, showValue=True, singleClick=True, size=0.6, skipKeys=['tab'], stretch=1.2, textColor='LightGray', textFont='Helvetica Bold', textSize=0.06, tickHeight=1.0, tickMarks=4.0, win=Window(...))
11.3230 	EXP 	Created knife = TextStim(__class__=<class 'psychopy.visual.text.TextStim'>, alignHoriz='center', alignVert='center', antialias=True, autoLog=True, bold=False, color='white', colorSpace='named', contrast=1.0, depth=0.0, flipHoriz=False, flipVert=False, font='Arial', fontFiles=[], height=0.03, italic=False, languageStyle='LTR', name='knife', opacity=1.0, ori=0, pos=array([0.37, 0.1 ]), rgb=array([255., 255., 255.]), text='cuchillo (sin tenedor)', units='height', win=Window(...), wrapWidth=1)
11.3445 	EXP 	Created cuchillo = RatingScale(__class__=type(...), acceptKeys=['return'], acceptPreText=UNKNOWN, acceptSize=UNKNOWN, acceptText=UNKNOWN, autoLog=True, choices=list(...), depth=0, disappear=False, flipVert=False, high=4, kwargs=UNKNOWN, labels=list(...), leftKeys=['left'], lineColor='White', low=0, marker=ShapeStim(...), markerColor='DarkBlue', markerExpansion=UNKNOWN, markerStart=None, maxTime=0.0, minTime=0.4, mouseOnly=False, name='cuchillo', noMouse=False, pos=[0.5, 0.05], precision=1, respKeys=['0', '1', '2', '3', '4'], rightKeys=['right'], scale='', self=UNKNOWN, showAccept=False, showValue=True, singleClick=True, size=0.6, skipKeys=['tab'], stretch=1.2, textColor='LightGray', textFont='Helvetica Bold', textSize=0.06, tickHeight=1.0, tickMarks=4.0, win=Window(...))
11.3487 	EXP 	Created spoon = TextStim(__class__=<class 'psychopy.visual.text.TextStim'>, alignHoriz='center', alignVert='center', antialias=True, autoLog=True, bold=False, color='white', colorSpace='named', contrast=1.0, depth=-0.0, flipHoriz=False, flipVert=False, font='Arial', fontFiles=[], height=0.03, italic=False, languageStyle='LTR', name='spoon', opacity=1.0, ori=0, pos=array([-0.37, -0.08]), rgb=array([255., 255., 255.]), text='cuchara', units='height', win=Window(...), wrapWidth=1)
11.3687 	EXP 	Created cuchara = RatingScale(__class__=type(...), acceptKeys=['return'], acceptPreText=UNKNOWN, acceptSize=UNKNOWN, acceptText=UNKNOWN, autoLog=True, choices=list(...), depth=0, disappear=False, flipVert=False, high=4, kwargs=UNKNOWN, labels=list(...), leftKeys=['left'], lineColor='White', low=0, marker=ShapeStim(...), markerColor='DarkBlue', markerExpansion=UNKNOWN, markerStart=None, maxTime=0.0, minTime=0.4, mouseOnly=False, name='cuchara', noMouse=False, pos=[-0.5, -0.3], precision=1, respKeys=['0', '1', '2', '3', '4'], rightKeys=['right'], scale='', self=UNKNOWN, showAccept=False, showValue=True, singleClick=True, size=0.6, skipKeys=['tab'], stretch=1.2, textColor='LightGray', textFont='Helvetica Bold', textSize=0.06, tickHeight=1.0, tickMarks=4.0, win=Window(...))
11.3737 	EXP 	Created broom = TextStim(__class__=<class 'psychopy.visual.text.TextStim'>, alignHoriz='center', alignVert='center', antialias=True, autoLog=True, bold=False, color='white', colorSpace='named', contrast=1.0, depth=0.0, flipHoriz=False, flipVert=False, font='Arial', fontFiles=[], height=0.03, italic=False, languageStyle='LTR', name='broom', opacity=1.0, ori=0, pos=array([ 0.37, -0.08]), rgb=array([255., 255., 255.]), text='escoba (mano superior)', units='height', win=Window(...), wrapWidth=1)
11.3941 	EXP 	Created escoba = RatingScale(__class__=type(...), acceptKeys=['return'], acceptPreText=UNKNOWN, acceptSize=UNKNOWN, acceptText=UNKNOWN, autoLog=True, choices=list(...), depth=0, disappear=False, flipVert=False, high=4, kwargs=UNKNOWN, labels=list(...), leftKeys=['left'], lineColor='White', low=0, marker=ShapeStim(...), markerColor='DarkBlue', markerExpansion=UNKNOWN, markerStart=None, maxTime=0.0, minTime=0.4, mouseOnly=False, name='escoba', noMouse=False, pos=[0.5, -0.3], precision=1, respKeys=['0', '1', '2', '3', '4'], rightKeys=['right'], scale='', self=UNKNOWN, showAccept=False, showValue=True, singleClick=True, size=0.6, skipKeys=['tab'], stretch=1.2, textColor='LightGray', textFont='Helvetica Bold', textSize=0.06, tickHeight=1.0, tickMarks=4.0, win=Window(...))
11.4012 	EXP 	Created match = TextStim(__class__=<class 'psychopy.visual.text.TextStim'>, alignHoriz='center', alignVert='center', antialias=True, autoLog=True, bold=False, color='white', colorSpace='named', contrast=1.0, depth=0.0, flipHoriz=False, flipVert=False, font='Arial', fontFiles=[], height=0.03, italic=False, languageStyle='LTR', name='match', opacity=1.0, ori=0, pos=array([-0.37, -0.25]), rgb=array([255., 255., 255.]), text='encender un fósforo (fósforo)', units='height', win=Window(...), wrapWidth=1)
11.4223 	EXP 	Created fosforo = RatingScale(__class__=type(...), acceptKeys=['return'], acceptPreText=UNKNOWN, acceptSize=UNKNOWN, acceptText=UNKNOWN, autoLog=True, choices=list(...), depth=0, disappear=False, flipVert=False, high=4, kwargs=UNKNOWN, labels=list(...), leftKeys=['left'], lineColor='White', low=0, marker=ShapeStim(...), markerColor='DarkBlue', markerExpansion=UNKNOWN, markerStart=None, maxTime=0.0, minTime=0.4, mouseOnly=False, name='fosforo', noMouse=False, pos=[-0.5, -0.65], precision=1, respKeys=['0', '1', '2', '3', '4'], rightKeys=['right'], scale='', self=UNKNOWN, showAccept=False, showValue=True, singleClick=True, size=0.6, skipKeys=['tab'], stretch=1.2, textColor='LightGray', textFont='Helvetica Bold', textSize=0.06, tickHeight=1.0, tickMarks=4.0, win=Window(...))
11.4262 	EXP 	Created box = TextStim(__class__=<class 'psychopy.visual.text.TextStim'>, alignHoriz='center', alignVert='center', antialias=True, autoLog=True, bold=False, color='white', colorSpace='named', contrast=1.0, depth=-0.0, flipHoriz=False, flipVert=False, font='Arial', fontFiles=[], height=0.03, italic=False, languageStyle='LTR', name='box', opacity=1.0, ori=0, pos=array([ 0.37, -0.25]), rgb=array([255., 255., 255.]), text='abrir una caja (tapa)', units='height', win=Window(...), wrapWidth=1)
11.4459 	EXP 	Created caja = RatingScale(__class__=type(...), acceptKeys=['return'], acceptPreText=UNKNOWN, acceptSize=UNKNOWN, acceptText=UNKNOWN, autoLog=True, choices=list(...), depth=0, disappear=False, flipVert=False, high=4, kwargs=UNKNOWN, labels=list(...), leftKeys=['left'], lineColor='White', low=0, marker=ShapeStim(...), markerColor='DarkBlue', markerExpansion=UNKNOWN, markerStart=None, maxTime=0.0, minTime=0.4, mouseOnly=False, name='caja', noMouse=False, pos=[0.5, -0.65], precision=1, respKeys=['0', '1', '2', '3', '4'], rightKeys=['right'], scale='', self=UNKNOWN, showAccept=False, showValue=True, singleClick=True, size=0.6, skipKeys=['tab'], stretch=1.2, textColor='LightGray', textFont='Helvetica Bold', textSize=0.06, tickHeight=1.0, tickMarks=4.0, win=Window(...))
11.4560 	EXP 	Created instr_2 = TextStim(__class__=<class 'psychopy.visual.text.TextStim'>, alignHoriz='center', alignVert='center', antialias=True, autoLog=True, bold=False, color='white', colorSpace='named', contrast=1.0, depth=0.0, flipHoriz=False, flipVert=False, font='Arial', fontFiles=[], height=0.03, italic=False, languageStyle='LTR', name='instr_2', opacity=1.0, ori=0, pos=array([ 0.  , -0.45]), rgb=array([255., 255., 255.]), text=str(...), units='height', win=Window(...), wrapWidth=1)
11.4758 	EXP 	Created gracias = TextStim(__class__=<class 'psychopy.visual.text.TextStim'>, alignHoriz='center', alignVert='center', antialias=True, autoLog=True, bold=False, color='white', colorSpace='named', contrast=1.0, depth=0.0, flipHoriz=False, flipVert=False, font='Arial', fontFiles=[], height=0.05, italic=False, languageStyle='LTR', name='gracias', opacity=1.0, ori=0, pos=array([0., 0.]), rgb=array([255., 255., 255.]), text=str(...), units='height', win=Window(...), wrapWidth=1)
11.5032 	EXP 	escribir: flipVert = False
11.5032 	EXP 	escribir: autoLog = True
11.5032 	EXP 	dibujar: flipVert = False
11.5032 	EXP 	dibujar: autoLog = True
11.5032 	EXP 	lanzar: flipVert = False
11.5032 	EXP 	lanzar: autoLog = True
11.5032 	EXP 	tijeras: flipVert = False
11.5032 	EXP 	tijeras: autoLog = True
11.5032 	EXP 	cepillo: flipVert = False
11.5032 	EXP 	cepillo: autoLog = True
11.5032 	EXP 	cuchillo: flipVert = False
11.5032 	EXP 	cuchillo: autoLog = True
11.5032 	EXP 	cuchara: flipVert = False
11.5032 	EXP 	cuchara: autoLog = True
11.5032 	EXP 	escoba: flipVert = False
11.5032 	EXP 	escoba: autoLog = True
11.5032 	EXP 	fosforo: flipVert = False
11.5032 	EXP 	fosforo: autoLog = True
11.5032 	EXP 	caja: flipVert = False
11.5032 	EXP 	caja: autoLog = True
11.5032 	EXP 	instr: autoDraw = True
13.9161 	EXP 	RatingScale escribir: reset()
13.9173 	EXP 	RatingScale dibujar: reset()
13.9250 	DATA 	Keypress: space
13.9448 	EXP 	instr: autoDraw = False
13.9448 	EXP 	writing: autoDraw = True
13.9448 	EXP 	escribir: autoDraw = True
13.9448 	EXP 	draw: autoDraw = True
13.9448 	EXP 	dibujar: autoDraw = True
13.9448 	EXP 	throw: autoDraw = True
13.9448 	EXP 	lanzar: autoDraw = True
13.9448 	EXP 	scissors: autoDraw = True
13.9448 	EXP 	tijeras: autoDraw = True
13.9448 	EXP 	toothbrush: autoDraw = True
13.9448 	EXP 	cepillo: autoDraw = True
13.9448 	EXP 	spoon: autoDraw = True
13.9448 	EXP 	cuchara: autoDraw = True
13.9448 	EXP 	knife: autoDraw = True
13.9448 	EXP 	cuchillo: autoDraw = True
13.9448 	EXP 	broom: autoDraw = True
13.9448 	EXP 	escoba: autoDraw = True
13.9448 	EXP 	match: autoDraw = True
13.9448 	EXP 	fosforo: autoDraw = True
13.9448 	EXP 	box: autoDraw = True
13.9448 	EXP 	caja: autoDraw = True
13.9448 	EXP 	instr_2: autoDraw = True
17.3635 	DATA 	Mouse: Left button down, pos=(641,960)
17.3636 	DATA 	RatingScale escribir: (mouse single-click) rating=Usualmente 
izquierda
17.3636 	DATA 	RatingScale escribir: rating RT=3.442
17.3636 	DATA 	RatingScale escribir: history=[(None, 0.0), ('Usualmente \nizquierda', 3.442)]
17.4315 	DATA 	Mouse:  Left button up, pos=(641,960)
18.6142 	DATA 	Mouse: Left button down, pos=(810,759)
18.6157 	DATA 	RatingScale lanzar: (mouse single-click) rating=Siempre 
izquierda
18.6157 	DATA 	RatingScale lanzar: rating RT=4.687
18.6157 	DATA 	RatingScale lanzar: history=[(None, 0.0), ('Siempre \nizquierda', 4.687)]
18.6800 	DATA 	Mouse:  Left button up, pos=(810,759)
19.4134 	DATA 	Mouse: Left button down, pos=(827,571)
19.4163 	DATA 	RatingScale cepillo: (mouse single-click) rating=Siempre 
izquierda
19.4163 	DATA 	RatingScale cepillo: rating RT=5.484
19.4163 	DATA 	RatingScale cepillo: history=[(None, 0.0), ('Siempre \nizquierda', 5.484)]
19.4841 	DATA 	Mouse:  Left button up, pos=(827,571)
20.7779 	DATA 	Mouse: Left button down, pos=(669,390)
20.7818 	DATA 	RatingScale cuchara: (mouse single-click) rating=Usualmente 
izquierda
20.7818 	DATA 	RatingScale cuchara: rating RT=6.847
20.7818 	DATA 	RatingScale cuchara: history=[(None, 0.0), ('Usualmente \nizquierda', 6.847)]
20.8448 	DATA 	Mouse:  Left button up, pos=(669,390)
22.5656 	DATA 	Mouse: Left button down, pos=(667,212)
22.5709 	DATA 	RatingScale fosforo: (mouse single-click) rating=Usualmente 
izquierda
22.5709 	DATA 	RatingScale fosforo: rating RT=8.631
22.5709 	DATA 	RatingScale fosforo: history=[(None, 0.0), ('Usualmente \nizquierda', 8.631)]
22.6262 	DATA 	Mouse:  Left button up, pos=(667,212)
25.0749 	DATA 	Mouse: Left button down, pos=(1810,948)
25.0750 	DATA 	RatingScale dibujar: (mouse single-click) rating=Siempre 
izquierda
25.0750 	DATA 	RatingScale dibujar: rating RT=11.149
25.0750 	DATA 	RatingScale dibujar: history=[(None, 0.0), ('Siempre \nizquierda', 11.149)]
25.1584 	DATA 	Mouse:  Left button up, pos=(1810,948)
26.4299 	DATA 	Mouse: Left button down, pos=(1634,763)
26.4431 	DATA 	RatingScale tijeras: (mouse single-click) rating=Usualmente 
izquierda
26.4431 	DATA 	RatingScale tijeras: rating RT=12.513
26.4431 	DATA 	RatingScale tijeras: history=[(None, 0.0), ('Usualmente \nizquierda', 12.513)]
26.5087 	DATA 	Mouse:  Left button up, pos=(1634,763)
34.2043 	DATA 	Mouse: Left button down, pos=(1255,583)
34.2044 	DATA 	RatingScale cuchillo: (mouse single-click) rating=Usualmente 
derecha
34.2044 	DATA 	RatingScale cuchillo: rating RT=20.268
34.2044 	DATA 	RatingScale cuchillo: history=[(None, 0.0), ('Usualmente \nderecha', 20.268)]
34.2526 	DATA 	Mouse:  Left button up, pos=(1255,583)
36.6011 	DATA 	Mouse: Left button down, pos=(1621,382)
36.6012 	DATA 	RatingScale escoba: (mouse single-click) rating=Usualmente 
izquierda
36.6012 	DATA 	RatingScale escoba: rating RT=22.663
36.6012 	DATA 	RatingScale escoba: history=[(None, 0.0), ('Usualmente \nizquierda', 22.663)]
36.6522 	DATA 	Mouse:  Left button up, pos=(1621,382)
38.4184 	DATA 	Mouse: Left button down, pos=(1597,211)
38.4185 	DATA 	RatingScale caja: (mouse single-click) rating=Usualmente 
izquierda
38.4185 	DATA 	RatingScale caja: rating RT=24.477
38.4185 	DATA 	RatingScale caja: history=[(None, 0.0), ('Usualmente \nizquierda', 24.477)]
38.4821 	DATA 	Mouse:  Left button up, pos=(1597,211)
39.5452 	DATA 	Keypress: space
39.5551 	EXP 	writing: autoDraw = False
39.5551 	EXP 	escribir: autoDraw = False
39.5551 	EXP 	draw: autoDraw = False
39.5551 	EXP 	dibujar: autoDraw = False
39.5551 	EXP 	throw: autoDraw = False
39.5551 	EXP 	lanzar: autoDraw = False
39.5551 	EXP 	scissors: autoDraw = False
39.5551 	EXP 	tijeras: autoDraw = False
39.5551 	EXP 	toothbrush: autoDraw = False
39.5551 	EXP 	cepillo: autoDraw = False
39.5551 	EXP 	knife: autoDraw = False
39.5551 	EXP 	cuchillo: autoDraw = False
39.5551 	EXP 	spoon: autoDraw = False
39.5551 	EXP 	cuchara: autoDraw = False
39.5551 	EXP 	broom: autoDraw = False
39.5551 	EXP 	escoba: autoDraw = False
39.5551 	EXP 	match: autoDraw = False
39.5551 	EXP 	fosforo: autoDraw = False
39.5551 	EXP 	box: autoDraw = False
39.5551 	EXP 	caja: autoDraw = False
39.5551 	EXP 	instr_2: autoDraw = False
39.5551 	EXP 	gracias: autoDraw = True
40.3577 	DATA 	Keypress: space
40.3702 	EXP 	gracias: autoDraw = False
40.4676 	EXP 	window1: mouseVisible = True
